# JRE version: OpenJDK Runtime Environment (11.0.4+10) (build 11.0.4+10-b520.11)
# Java VM: OpenJDK 64-Bit Server VM (11.0.4+10-b520.11, mixed mode, sharing, tiered, compressed oops, g1 gc, windows-amd64)
Heap:
 garbage-first heap   total 157696K, used 107918K [0x0000000081200000, 0x0000000100000000)
  region size 1024K, 85 young (87040K), 5 survivors (5120K)
 Metaspace       used 40954K, capacity 42316K, committed 42928K, reserved 1085440K
  class space    used 5451K, capacity 5950K, committed 6144K, reserved 1048576K
GC Heap History (10 events):
Event: 8.174 GC heap before
{Heap before GC invocations=7 (full 0):
 garbage-first heap   total 131072K, used 83938K [0x0000000081200000, 0x0000000100000000)
  region size 1024K, 76 young (77824K), 5 survivors (5120K)
 Metaspace       used 26745K, capacity 27861K, committed 28080K, reserved 1073152K
  class space    used 3633K, capacity 4025K, committed 4096K, reserved 1048576K
}
Event: 8.201 GC heap after
{Heap after GC invocations=8 (full 0):
 garbage-first heap   total 157696K, used 18883K [0x0000000081200000, 0x0000000100000000)
  region size 1024K, 10 young (10240K), 10 survivors (10240K)
 Metaspace       used 26745K, capacity 27861K, committed 28080K, reserved 1073152K
  class space    used 3633K, capacity 4025K, committed 4096K, reserved 1048576K
}
Event: 9.455 GC heap before
{Heap before GC invocations=8 (full 0):
 garbage-first heap   total 157696K, used 99779K [0x0000000081200000, 0x0000000100000000)
  region size 1024K, 89 young (91136K), 10 survivors (10240K)
 Metaspace       used 30909K, capacity 32162K, committed 32304K, reserved 1077248K
  class space    used 4175K, capacity 4652K, committed 4736K, reserved 1048576K
}
Event: 9.485 GC heap after
{Heap after GC invocations=9 (full 0):
 garbage-first heap   total 157696K, used 22415K [0x0000000081200000, 0x0000000100000000)
  region size 1024K, 9 young (9216K), 9 survivors (9216K)
 Metaspace       used 30909K, capacity 32162K, committed 32304K, reserved 1077248K
  class space    used 4175K, capacity 4652K, committed 4736K, reserved 1048576K
}
Event: 10.152 GC heap before
{Heap before GC invocations=9 (full 0):
 garbage-first heap   total 157696K, used 56207K [0x0000000081200000, 0x0000000100000000)
  region size 1024K, 43 young (44032K), 9 survivors (9216K)
 Metaspace       used 34501K, capacity 35833K, committed 35888K, reserved 1079296K
  class space    used 4672K, capacity 5204K, committed 5248K, reserved 1048576K
}
Event: 10.182 GC heap after
{Heap after GC invocations=10 (full 0):
 garbage-first heap   total 157696K, used 25681K [0x0000000081200000, 0x0000000100000000)
  region size 1024K, 8 young (8192K), 8 survivors (8192K)
 Metaspace       used 34501K, capacity 35833K, committed 35888K, reserved 1079296K
  class space    used 4672K, capacity 5204K, committed 5248K, reserved 1048576K
}
Event: 3135.048 GC heap before
{Heap before GC invocations=11 (full 0):
 garbage-first heap   total 157696K, used 107601K [0x0000000081200000, 0x0000000100000000)
  region size 1024K, 88 young (90112K), 8 survivors (8192K)
 Metaspace       used 39551K, capacity 40983K, committed 41264K, reserved 1085440K
  class space    used 5366K, capacity 5892K, committed 6016K, reserved 1048576K
}
Event: 3135.154 GC heap after
{Heap after GC invocations=12 (full 0):
 garbage-first heap   total 157696K, used 27374K [0x0000000081200000, 0x0000000100000000)
  region size 1024K, 6 young (6144K), 6 survivors (6144K)
 Metaspace       used 39551K, capacity 40983K, committed 41264K, reserved 1085440K
  class space    used 5366K, capacity 5892K, committed 6016K, reserved 1048576K
}
Event: 12173.376 GC heap before
{Heap before GC invocations=13 (full 0):
 garbage-first heap   total 157696K, used 115438K [0x0000000081200000, 0x0000000100000000)
  region size 1024K, 92 young (94208K), 6 survivors (6144K)
 Metaspace       used 40871K, capacity 42177K, committed 42672K, reserved 1085440K
  class space    used 5447K, capacity 5947K, committed 6144K, reserved 1048576K
}
Event: 12173.433 GC heap after
{Heap after GC invocations=14 (full 0):
 garbage-first heap   total 157696K, used 27022K [0x0000000081200000, 0x0000000100000000)
  region size 1024K, 5 young (5120K), 5 survivors (5120K)
 Metaspace       used 40871K, capacity 42177K, committed 42672K, reserved 1085440K
  class space    used 5447K, capacity 5947K, committed 6144K, reserved 1048576K
}

